<?xml version="1.0" encoding="UTF-8"?>
<testng-results total="1" passed="1" failed="0" skipped="0">
  <reporter-output>
  </reporter-output>
  <suite started-at="2021-04-07T13:01:49Z" name="Default suite" finished-at="2021-04-07T13:01:54Z" duration-ms="5068">
    <groups>
    </groups>
    <test started-at="2021-04-07T13:01:49Z" name="Default test" finished-at="2021-04-07T13:01:54Z" duration-ms="5068">
      <class name="TestFramework.WeatherUpdate4">
        <test-method signature="Weather()[pri:0, instance:TestFramework.WeatherUpdate4@6c61a903]" started-at="2021-04-07T18:31:49Z" name="Weather" finished-at="2021-04-07T18:31:54Z" duration-ms="5042" status="PASS">
          <reporter-output>
          </reporter-output>
        </test-method> <!-- Weather -->
      </class> <!-- TestFramework.WeatherUpdate4 -->
    </test> <!-- Default test -->
  </suite> <!-- Default suite -->
</testng-results>
